{"$message_type":"diagnostic","message":"unused import: `core::sync::atomic::AtomicPtr`","code":{"code":"unused_imports","explanation":null},"level":"warning","spans":[{"file_name":"D:\\Xorium_Stealer_Pulsar\\Xorium Stealer Pulsar\\shadow-main\\crates\\common\\src\\structs.rs","byte_start":123,"byte_end":152,"line_start":5,"line_end":5,"column_start":5,"column_end":34,"is_primary":true,"text":[{"text":"use core::sync::atomic::AtomicPtr;","highlight_start":5,"highlight_end":34}],"label":null,"suggested_replacement":null,"suggestion_applicability":null,"expansion":null}],"children":[{"message":"`#[warn(unused_imports)]` (part of `#[warn(unused)]`) on by default","code":null,"level":"note","spans":[],"children":[],"rendered":null},{"message":"remove the whole `use` item","code":null,"level":"help","spans":[{"file_name":"D:\\Xorium_Stealer_Pulsar\\Xorium Stealer Pulsar\\shadow-main\\crates\\common\\src\\structs.rs","byte_start":119,"byte_end":154,"line_start":5,"line_end":6,"column_start":1,"column_end":1,"is_primary":true,"text":[{"text":"use core::sync::atomic::AtomicPtr;","highlight_start":1,"highlight_end":35},{"text":"use ntapi::ntldr::LDR_DATA_TABLE_ENTRY;","highlight_start":1,"highlight_end":1}],"label":null,"suggested_replacement":"","suggestion_applicability":"MachineApplicable","expansion":null}],"children":[],"rendered":null}],"rendered":"\u001b[1m\u001b[93mwarning\u001b[0m\u001b[1m\u001b[97m: unused import: `core::sync::atomic::AtomicPtr`\u001b[0m\n \u001b[1m\u001b[96m--> \u001b[0mD:\\Xorium_Stealer_Pulsar\\Xorium Stealer Pulsar\\shadow-main\\crates\\common\\src\\structs.rs:5:5\n  \u001b[1m\u001b[96m|\u001b[0m\n\u001b[1m\u001b[96m5\u001b[0m \u001b[1m\u001b[96m|\u001b[0m use core::sync::atomic::AtomicPtr;\n  \u001b[1m\u001b[96m|\u001b[0m     \u001b[1m\u001b[93m^^^^^^^^^^^^^^^^^^^^^^^^^^^^^\u001b[0m\n  \u001b[1m\u001b[96m|\u001b[0m\n  \u001b[1m\u001b[96m= \u001b[0m\u001b[1m\u001b[97mnote\u001b[0m: `#[warn(unused_imports)]` (part of `#[warn(unused)]`) on by default\n\n"}
{"$message_type":"diagnostic","message":"unused import: `ntapi::ntldr::LDR_DATA_TABLE_ENTRY`","code":{"code":"unused_imports","explanation":null},"level":"warning","spans":[{"file_name":"D:\\Xorium_Stealer_Pulsar\\Xorium Stealer Pulsar\\shadow-main\\crates\\common\\src\\structs.rs","byte_start":158,"byte_end":192,"line_start":6,"line_end":6,"column_start":5,"column_end":39,"is_primary":true,"text":[{"text":"use ntapi::ntldr::LDR_DATA_TABLE_ENTRY;","highlight_start":5,"highlight_end":39}],"label":null,"suggested_replacement":null,"suggestion_applicability":null,"expansion":null}],"children":[{"message":"remove the whole `use` item","code":null,"level":"help","spans":[{"file_name":"D:\\Xorium_Stealer_Pulsar\\Xorium Stealer Pulsar\\shadow-main\\crates\\common\\src\\structs.rs","byte_start":154,"byte_end":194,"line_start":6,"line_end":7,"column_start":1,"column_end":1,"is_primary":true,"text":[{"text":"use ntapi::ntldr::LDR_DATA_TABLE_ENTRY;","highlight_start":1,"highlight_end":40},{"text":"","highlight_start":1,"highlight_end":1}],"label":null,"suggested_replacement":"","suggestion_applicability":"MachineApplicable","expansion":null}],"children":[],"rendered":null}],"rendered":"\u001b[1m\u001b[93mwarning\u001b[0m\u001b[1m\u001b[97m: unused import: `ntapi::ntldr::LDR_DATA_TABLE_ENTRY`\u001b[0m\n \u001b[1m\u001b[96m--> \u001b[0mD:\\Xorium_Stealer_Pulsar\\Xorium Stealer Pulsar\\shadow-main\\crates\\common\\src\\structs.rs:6:5\n  \u001b[1m\u001b[96m|\u001b[0m\n\u001b[1m\u001b[96m6\u001b[0m \u001b[1m\u001b[96m|\u001b[0m use ntapi::ntldr::LDR_DATA_TABLE_ENTRY;\n  \u001b[1m\u001b[96m|\u001b[0m     \u001b[1m\u001b[93m^^^^^^^^^^^^^^^^^^^^^^^^^^^^^^^^^^\u001b[0m\n\n"}
{"$message_type":"diagnostic","message":"the trait `Copy` cannot be implemented for this type","code":{"code":"E0204","explanation":"The `Copy` trait was implemented on a type which contains a field that doesn't\nimplement the `Copy` trait.\n\nErroneous code example:\n\n```compile_fail,E0204\nstruct Foo {\n    foo: Vec<u32>,\n}\n\nimpl Copy for Foo { } // error!\n```\n\nThe `Copy` trait is implemented by default only on primitive types. If your\ntype only contains primitive types, you'll be able to implement `Copy` on it.\nOtherwise, it won't be possible.\n\nHere's another example that will fail:\n\n```compile_fail,E0204\n#[derive(Copy)] // error!\nstruct Foo<'a> {\n    ty: &'a mut bool,\n}\n```\n\nThis fails because `&mut T` is not `Copy`, even when `T` is `Copy` (this\ndiffers from the behavior for `&T`, which is always `Copy`).\n"},"level":"error","spans":[{"file_name":"D:\\Xorium_Stealer_Pulsar\\Xorium Stealer Pulsar\\shadow-main\\crates\\common\\src\\structs.rs","byte_start":2921,"byte_end":2941,"line_start":102,"line_end":102,"column_start":5,"column_end":25,"is_primary":false,"text":[{"text":"    pub options: Options,","highlight_start":5,"highlight_end":25}],"label":"this field does not implement `Copy`","suggested_replacement":null,"suggestion_applicability":null,"expansion":null},{"file_name":"D:\\Xorium_Stealer_Pulsar\\Xorium Stealer Pulsar\\shadow-main\\crates\\common\\src\\structs.rs","byte_start":2583,"byte_end":2587,"line_start":90,"line_end":90,"column_start":33,"column_end":37,"is_primary":true,"text":[{"text":"#[derive(Debug, Default, Clone, Copy)]","highlight_start":33,"highlight_end":37}],"label":null,"suggested_replacement":null,"suggestion_applicability":null,"expansion":{"span":{"file_name":"D:\\Xorium_Stealer_Pulsar\\Xorium Stealer Pulsar\\shadow-main\\crates\\common\\src\\structs.rs","byte_start":2583,"byte_end":2587,"line_start":90,"line_end":90,"column_start":33,"column_end":37,"is_primary":false,"text":[{"text":"#[derive(Debug, Default, Clone, Copy)]","highlight_start":33,"highlight_end":37}],"label":null,"suggested_replacement":null,"suggestion_applicability":null,"expansion":null},"macro_decl_name":"#[derive(Copy)]","def_site_span":{"file_name":"/rustc/db3e99bbab28c6ca778b13222becdea54533d908/library\\core\\src\\marker.rs","byte_start":16832,"byte_end":16846,"line_start":465,"line_end":465,"column_start":1,"column_end":15,"is_primary":false,"text":[],"label":null,"suggested_replacement":null,"suggestion_applicability":null,"expansion":null}}}],"children":[],"rendered":"\u001b[1m\u001b[91merror[E0204]\u001b[0m\u001b[1m\u001b[97m: the trait `Copy` cannot be implemented for this type\u001b[0m\n   \u001b[1m\u001b[96m--> \u001b[0mD:\\Xorium_Stealer_Pulsar\\Xorium Stealer Pulsar\\shadow-main\\crates\\common\\src\\structs.rs:90:33\n    \u001b[1m\u001b[96m|\u001b[0m\n\u001b[1m\u001b[96m 90\u001b[0m \u001b[1m\u001b[96m|\u001b[0m #[derive(Debug, Default, Clone, Copy)]\n    \u001b[1m\u001b[96m|\u001b[0m                                 \u001b[1m\u001b[91m^^^^\u001b[0m\n\u001b[1m\u001b[96m...\u001b[0m\n\u001b[1m\u001b[96m102\u001b[0m \u001b[1m\u001b[96m|\u001b[0m     pub options: Options,\n    \u001b[1m\u001b[96m|\u001b[0m     \u001b[1m\u001b[96m--------------------\u001b[0m \u001b[1m\u001b[96mthis field does not implement `Copy`\u001b[0m\n\n"}
{"$message_type":"diagnostic","message":"the trait `Copy` cannot be implemented for this type","code":{"code":"E0204","explanation":"The `Copy` trait was implemented on a type which contains a field that doesn't\nimplement the `Copy` trait.\n\nErroneous code example:\n\n```compile_fail,E0204\nstruct Foo {\n    foo: Vec<u32>,\n}\n\nimpl Copy for Foo { } // error!\n```\n\nThe `Copy` trait is implemented by default only on primitive types. If your\ntype only contains primitive types, you'll be able to implement `Copy` on it.\nOtherwise, it won't be possible.\n\nHere's another example that will fail:\n\n```compile_fail,E0204\n#[derive(Copy)] // error!\nstruct Foo<'a> {\n    ty: &'a mut bool,\n}\n```\n\nThis fails because `&mut T` is not `Copy`, even when `T` is `Copy` (this\ndiffers from the behavior for `&T`, which is always `Copy`).\n"},"level":"error","spans":[{"file_name":"D:\\Xorium_Stealer_Pulsar\\Xorium Stealer Pulsar\\shadow-main\\crates\\common\\src\\structs.rs","byte_start":3557,"byte_end":3577,"line_start":125,"line_end":125,"column_start":5,"column_end":25,"is_primary":false,"text":[{"text":"    pub options: Options,","highlight_start":5,"highlight_end":25}],"label":"this field does not implement `Copy`","suggested_replacement":null,"suggestion_applicability":null,"expansion":null},{"file_name":"D:\\Xorium_Stealer_Pulsar\\Xorium Stealer Pulsar\\shadow-main\\crates\\common\\src\\structs.rs","byte_start":3087,"byte_end":3091,"line_start":107,"line_end":107,"column_start":33,"column_end":37,"is_primary":true,"text":[{"text":"#[derive(Debug, Default, Clone, Copy)]","highlight_start":33,"highlight_end":37}],"label":null,"suggested_replacement":null,"suggestion_applicability":null,"expansion":{"span":{"file_name":"D:\\Xorium_Stealer_Pulsar\\Xorium Stealer Pulsar\\shadow-main\\crates\\common\\src\\structs.rs","byte_start":3087,"byte_end":3091,"line_start":107,"line_end":107,"column_start":33,"column_end":37,"is_primary":false,"text":[{"text":"#[derive(Debug, Default, Clone, Copy)]","highlight_start":33,"highlight_end":37}],"label":null,"suggested_replacement":null,"suggestion_applicability":null,"expansion":null},"macro_decl_name":"#[derive(Copy)]","def_site_span":{"file_name":"/rustc/db3e99bbab28c6ca778b13222becdea54533d908/library\\core\\src\\marker.rs","byte_start":16832,"byte_end":16846,"line_start":465,"line_end":465,"column_start":1,"column_end":15,"is_primary":false,"text":[],"label":null,"suggested_replacement":null,"suggestion_applicability":null,"expansion":null}}}],"children":[],"rendered":"\u001b[1m\u001b[91merror[E0204]\u001b[0m\u001b[1m\u001b[97m: the trait `Copy` cannot be implemented for this type\u001b[0m\n   \u001b[1m\u001b[96m--> \u001b[0mD:\\Xorium_Stealer_Pulsar\\Xorium Stealer Pulsar\\shadow-main\\crates\\common\\src\\structs.rs:107:33\n    \u001b[1m\u001b[96m|\u001b[0m\n\u001b[1m\u001b[96m107\u001b[0m \u001b[1m\u001b[96m|\u001b[0m #[derive(Debug, Default, Clone, Copy)]\n    \u001b[1m\u001b[96m|\u001b[0m                                 \u001b[1m\u001b[91m^^^^\u001b[0m\n\u001b[1m\u001b[96m...\u001b[0m\n\u001b[1m\u001b[96m125\u001b[0m \u001b[1m\u001b[96m|\u001b[0m     pub options: Options,\n    \u001b[1m\u001b[96m|\u001b[0m     \u001b[1m\u001b[96m--------------------\u001b[0m \u001b[1m\u001b[96mthis field does not implement `Copy`\u001b[0m\n\n"}
{"$message_type":"diagnostic","message":"the trait bound `Options: Clone` is not satisfied","code":{"code":"E0277","explanation":"You tried to use a type which doesn't implement some trait in a place which\nexpected that trait.\n\nErroneous code example:\n\n```compile_fail,E0277\n// here we declare the Foo trait with a bar method\ntrait Foo {\n    fn bar(&self);\n}\n\n// we now declare a function which takes an object implementing the Foo trait\nfn some_func<T: Foo>(foo: T) {\n    foo.bar();\n}\n\nfn main() {\n    // we now call the method with the i32 type, which doesn't implement\n    // the Foo trait\n    some_func(5i32); // error: the trait bound `i32 : Foo` is not satisfied\n}\n```\n\nIn order to fix this error, verify that the type you're using does implement\nthe trait. Example:\n\n```\ntrait Foo {\n    fn bar(&self);\n}\n\n// we implement the trait on the i32 type\nimpl Foo for i32 {\n    fn bar(&self) {}\n}\n\nfn some_func<T: Foo>(foo: T) {\n    foo.bar(); // we can now use this method since i32 implements the\n               // Foo trait\n}\n\nfn main() {\n    some_func(5i32); // ok!\n}\n```\n\nOr in a generic context, an erroneous code example would look like:\n\n```compile_fail,E0277\nfn some_func<T>(foo: T) {\n    println!(\"{:?}\", foo); // error: the trait `core::fmt::Debug` is not\n                           //        implemented for the type `T`\n}\n\nfn main() {\n    // We now call the method with the i32 type,\n    // which *does* implement the Debug trait.\n    some_func(5i32);\n}\n```\n\nNote that the error here is in the definition of the generic function. Although\nwe only call it with a parameter that does implement `Debug`, the compiler\nstill rejects the function. It must work with all possible input types. In\norder to make this example compile, we need to restrict the generic type we're\naccepting:\n\n```\nuse std::fmt;\n\n// Restrict the input type to types that implement Debug.\nfn some_func<T: fmt::Debug>(foo: T) {\n    println!(\"{:?}\", foo);\n}\n\nfn main() {\n    // Calling the method is still fine, as i32 implements Debug.\n    some_func(5i32);\n\n    // This would fail to compile now:\n    // struct WithoutDebug;\n    // some_func(WithoutDebug);\n}\n```\n\nRust only looks at the signature of the called function, as such it must\nalready specify all requirements that will be used for every type parameter.\n"},"level":"error","spans":[{"file_name":"D:\\Xorium_Stealer_Pulsar\\Xorium Stealer Pulsar\\shadow-main\\crates\\common\\src\\structs.rs","byte_start":2921,"byte_end":2941,"line_start":102,"line_end":102,"column_start":5,"column_end":25,"is_primary":true,"text":[{"text":"    pub options: Options,","highlight_start":5,"highlight_end":25}],"label":"unsatisfied trait bound","suggested_replacement":null,"suggestion_applicability":null,"expansion":{"span":{"file_name":"D:\\Xorium_Stealer_Pulsar\\Xorium Stealer Pulsar\\shadow-main\\crates\\common\\src\\structs.rs","byte_start":2576,"byte_end":2581,"line_start":90,"line_end":90,"column_start":26,"column_end":31,"is_primary":false,"text":[{"text":"#[derive(Debug, Default, Clone, Copy)]","highlight_start":26,"highlight_end":31}],"label":null,"suggested_replacement":null,"suggestion_applicability":null,"expansion":null},"macro_decl_name":"#[derive(Clone)]","def_site_span":{"file_name":"/rustc/db3e99bbab28c6ca778b13222becdea54533d908/library\\core\\src\\clone.rs","byte_start":11028,"byte_end":11043,"line_start":289,"line_end":289,"column_start":1,"column_end":16,"is_primary":false,"text":[],"label":null,"suggested_replacement":null,"suggestion_applicability":null,"expansion":null}}}],"children":[{"message":"the trait `Clone` is not implemented for `Options`","code":null,"level":"help","spans":[],"children":[],"rendered":null},{"message":"required by a bound in `core::clone::AssertParamIsClone`","code":null,"level":"note","spans":[{"file_name":"/rustc/db3e99bbab28c6ca778b13222becdea54533d908/library\\core\\src\\clone.rs","byte_start":13217,"byte_end":13271,"line_start":357,"line_end":357,"column_start":1,"column_end":55,"is_primary":true,"text":[],"label":null,"suggested_replacement":null,"suggestion_applicability":null,"expansion":null}],"children":[],"rendered":null},{"message":"consider annotating `Options` with `#[derive(Clone)]`","code":null,"level":"help","spans":[{"file_name":"D:\\Xorium_Stealer_Pulsar\\Xorium Stealer Pulsar\\shadow-main\\crates\\common\\src\\enums.rs","byte_start":820,"byte_end":820,"line_start":26,"line_end":26,"column_start":1,"column_end":1,"is_primary":true,"text":[{"text":"pub enum Options {","highlight_start":1,"highlight_end":1}],"label":null,"suggested_replacement":"#[derive(Clone)]\n","suggestion_applicability":"MaybeIncorrect","expansion":null}],"children":[],"rendered":null}],"rendered":"\u001b[1m\u001b[91merror[E0277]\u001b[0m\u001b[1m\u001b[97m: the trait bound `Options: Clone` is not satisfied\u001b[0m\n   \u001b[1m\u001b[96m--> \u001b[0mD:\\Xorium_Stealer_Pulsar\\Xorium Stealer Pulsar\\shadow-main\\crates\\common\\src\\structs.rs:102:5\n    \u001b[1m\u001b[96m|\u001b[0m\n\u001b[1m\u001b[96m 90\u001b[0m \u001b[1m\u001b[96m|\u001b[0m #[derive(Debug, Default, Clone, C\u001b[1m\u001b[96m...\u001b[0m\n    \u001b[1m\u001b[96m|\u001b[0m                          \u001b[1m\u001b[96m-----\u001b[0m \u001b[1m\u001b[96min this derive macro expansion\u001b[0m\n\u001b[1m\u001b[96m...\u001b[0m\n\u001b[1m\u001b[96m102\u001b[0m \u001b[1m\u001b[96m|\u001b[0m     pub options: Options,\n    \u001b[1m\u001b[96m|\u001b[0m     \u001b[1m\u001b[91m^^^^^^^^^^^^^^^^^^^^\u001b[0m \u001b[1m\u001b[91munsatisfied trait bound\u001b[0m\n    \u001b[1m\u001b[96m|\u001b[0m\n    \u001b[1m\u001b[96m= \u001b[0m\u001b[1m\u001b[97mhelp\u001b[0m: the trait `Clone` is not implemented for `Options`\n\u001b[1m\u001b[92mnote\u001b[0m: required by a bound in `core::clone::AssertParamIsClone`\n   \u001b[1m\u001b[96m--> \u001b[0m/rustc/db3e99bbab28c6ca778b13222becdea54533d908/library\\core\\src\\clone.rs:357:0\n\u001b[1m\u001b[96mhelp\u001b[0m: consider annotating `Options` with `#[derive(Clone)]`\n   \u001b[1m\u001b[96m--> \u001b[0mD:\\Xorium_Stealer_Pulsar\\Xorium Stealer Pulsar\\shadow-main\\crates\\common\\src\\enums.rs:26:1\n    \u001b[1m\u001b[96m|\u001b[0m\n\u001b[1m\u001b[96m 26\u001b[0m \u001b[92m+ #[derive(Clone)]\u001b[0m\n\u001b[1m\u001b[96m 27\u001b[0m \u001b[1m\u001b[96m|\u001b[0m pub enum Options {\n    \u001b[1m\u001b[96m|\u001b[0m\n\n"}
{"$message_type":"diagnostic","message":"the trait bound `Options: Clone` is not satisfied","code":{"code":"E0277","explanation":"You tried to use a type which doesn't implement some trait in a place which\nexpected that trait.\n\nErroneous code example:\n\n```compile_fail,E0277\n// here we declare the Foo trait with a bar method\ntrait Foo {\n    fn bar(&self);\n}\n\n// we now declare a function which takes an object implementing the Foo trait\nfn some_func<T: Foo>(foo: T) {\n    foo.bar();\n}\n\nfn main() {\n    // we now call the method with the i32 type, which doesn't implement\n    // the Foo trait\n    some_func(5i32); // error: the trait bound `i32 : Foo` is not satisfied\n}\n```\n\nIn order to fix this error, verify that the type you're using does implement\nthe trait. Example:\n\n```\ntrait Foo {\n    fn bar(&self);\n}\n\n// we implement the trait on the i32 type\nimpl Foo for i32 {\n    fn bar(&self) {}\n}\n\nfn some_func<T: Foo>(foo: T) {\n    foo.bar(); // we can now use this method since i32 implements the\n               // Foo trait\n}\n\nfn main() {\n    some_func(5i32); // ok!\n}\n```\n\nOr in a generic context, an erroneous code example would look like:\n\n```compile_fail,E0277\nfn some_func<T>(foo: T) {\n    println!(\"{:?}\", foo); // error: the trait `core::fmt::Debug` is not\n                           //        implemented for the type `T`\n}\n\nfn main() {\n    // We now call the method with the i32 type,\n    // which *does* implement the Debug trait.\n    some_func(5i32);\n}\n```\n\nNote that the error here is in the definition of the generic function. Although\nwe only call it with a parameter that does implement `Debug`, the compiler\nstill rejects the function. It must work with all possible input types. In\norder to make this example compile, we need to restrict the generic type we're\naccepting:\n\n```\nuse std::fmt;\n\n// Restrict the input type to types that implement Debug.\nfn some_func<T: fmt::Debug>(foo: T) {\n    println!(\"{:?}\", foo);\n}\n\nfn main() {\n    // Calling the method is still fine, as i32 implements Debug.\n    some_func(5i32);\n\n    // This would fail to compile now:\n    // struct WithoutDebug;\n    // some_func(WithoutDebug);\n}\n```\n\nRust only looks at the signature of the called function, as such it must\nalready specify all requirements that will be used for every type parameter.\n"},"level":"error","spans":[{"file_name":"D:\\Xorium_Stealer_Pulsar\\Xorium Stealer Pulsar\\shadow-main\\crates\\common\\src\\structs.rs","byte_start":3557,"byte_end":3577,"line_start":125,"line_end":125,"column_start":5,"column_end":25,"is_primary":true,"text":[{"text":"    pub options: Options,","highlight_start":5,"highlight_end":25}],"label":"unsatisfied trait bound","suggested_replacement":null,"suggestion_applicability":null,"expansion":{"span":{"file_name":"D:\\Xorium_Stealer_Pulsar\\Xorium Stealer Pulsar\\shadow-main\\crates\\common\\src\\structs.rs","byte_start":3080,"byte_end":3085,"line_start":107,"line_end":107,"column_start":26,"column_end":31,"is_primary":false,"text":[{"text":"#[derive(Debug, Default, Clone, Copy)]","highlight_start":26,"highlight_end":31}],"label":null,"suggested_replacement":null,"suggestion_applicability":null,"expansion":null},"macro_decl_name":"#[derive(Clone)]","def_site_span":{"file_name":"/rustc/db3e99bbab28c6ca778b13222becdea54533d908/library\\core\\src\\clone.rs","byte_start":11028,"byte_end":11043,"line_start":289,"line_end":289,"column_start":1,"column_end":16,"is_primary":false,"text":[],"label":null,"suggested_replacement":null,"suggestion_applicability":null,"expansion":null}}}],"children":[{"message":"the trait `Clone` is not implemented for `Options`","code":null,"level":"help","spans":[],"children":[],"rendered":null},{"message":"required by a bound in `core::clone::AssertParamIsClone`","code":null,"level":"note","spans":[{"file_name":"/rustc/db3e99bbab28c6ca778b13222becdea54533d908/library\\core\\src\\clone.rs","byte_start":13217,"byte_end":13271,"line_start":357,"line_end":357,"column_start":1,"column_end":55,"is_primary":true,"text":[],"label":null,"suggested_replacement":null,"suggestion_applicability":null,"expansion":null}],"children":[],"rendered":null},{"message":"consider annotating `Options` with `#[derive(Clone)]`","code":null,"level":"help","spans":[{"file_name":"D:\\Xorium_Stealer_Pulsar\\Xorium Stealer Pulsar\\shadow-main\\crates\\common\\src\\enums.rs","byte_start":820,"byte_end":820,"line_start":26,"line_end":26,"column_start":1,"column_end":1,"is_primary":true,"text":[{"text":"pub enum Options {","highlight_start":1,"highlight_end":1}],"label":null,"suggested_replacement":"#[derive(Clone)]\n","suggestion_applicability":"MaybeIncorrect","expansion":null}],"children":[],"rendered":null}],"rendered":"\u001b[1m\u001b[91merror[E0277]\u001b[0m\u001b[1m\u001b[97m: the trait bound `Options: Clone` is not satisfied\u001b[0m\n   \u001b[1m\u001b[96m--> \u001b[0mD:\\Xorium_Stealer_Pulsar\\Xorium Stealer Pulsar\\shadow-main\\crates\\common\\src\\structs.rs:125:5\n    \u001b[1m\u001b[96m|\u001b[0m\n\u001b[1m\u001b[96m107\u001b[0m \u001b[1m\u001b[96m|\u001b[0m #[derive(Debug, Default, Clone, C\u001b[1m\u001b[96m...\u001b[0m\n    \u001b[1m\u001b[96m|\u001b[0m                          \u001b[1m\u001b[96m-----\u001b[0m \u001b[1m\u001b[96min this derive macro expansion\u001b[0m\n\u001b[1m\u001b[96m...\u001b[0m\n\u001b[1m\u001b[96m125\u001b[0m \u001b[1m\u001b[96m|\u001b[0m     pub options: Options,\n    \u001b[1m\u001b[96m|\u001b[0m     \u001b[1m\u001b[91m^^^^^^^^^^^^^^^^^^^^\u001b[0m \u001b[1m\u001b[91munsatisfied trait bound\u001b[0m\n    \u001b[1m\u001b[96m|\u001b[0m\n    \u001b[1m\u001b[96m= \u001b[0m\u001b[1m\u001b[97mhelp\u001b[0m: the trait `Clone` is not implemented for `Options`\n\u001b[1m\u001b[92mnote\u001b[0m: required by a bound in `core::clone::AssertParamIsClone`\n   \u001b[1m\u001b[96m--> \u001b[0m/rustc/db3e99bbab28c6ca778b13222becdea54533d908/library\\core\\src\\clone.rs:357:0\n\u001b[1m\u001b[96mhelp\u001b[0m: consider annotating `Options` with `#[derive(Clone)]`\n   \u001b[1m\u001b[96m--> \u001b[0mD:\\Xorium_Stealer_Pulsar\\Xorium Stealer Pulsar\\shadow-main\\crates\\common\\src\\enums.rs:26:1\n    \u001b[1m\u001b[96m|\u001b[0m\n\u001b[1m\u001b[96m 26\u001b[0m \u001b[92m+ #[derive(Clone)]\u001b[0m\n\u001b[1m\u001b[96m 27\u001b[0m \u001b[1m\u001b[96m|\u001b[0m pub enum Options {\n    \u001b[1m\u001b[96m|\u001b[0m\n\n"}
{"$message_type":"diagnostic","message":"the trait bound `[u16; 256]: Default` is not satisfied","code":{"code":"E0277","explanation":"You tried to use a type which doesn't implement some trait in a place which\nexpected that trait.\n\nErroneous code example:\n\n```compile_fail,E0277\n// here we declare the Foo trait with a bar method\ntrait Foo {\n    fn bar(&self);\n}\n\n// we now declare a function which takes an object implementing the Foo trait\nfn some_func<T: Foo>(foo: T) {\n    foo.bar();\n}\n\nfn main() {\n    // we now call the method with the i32 type, which doesn't implement\n    // the Foo trait\n    some_func(5i32); // error: the trait bound `i32 : Foo` is not satisfied\n}\n```\n\nIn order to fix this error, verify that the type you're using does implement\nthe trait. Example:\n\n```\ntrait Foo {\n    fn bar(&self);\n}\n\n// we implement the trait on the i32 type\nimpl Foo for i32 {\n    fn bar(&self) {}\n}\n\nfn some_func<T: Foo>(foo: T) {\n    foo.bar(); // we can now use this method since i32 implements the\n               // Foo trait\n}\n\nfn main() {\n    some_func(5i32); // ok!\n}\n```\n\nOr in a generic context, an erroneous code example would look like:\n\n```compile_fail,E0277\nfn some_func<T>(foo: T) {\n    println!(\"{:?}\", foo); // error: the trait `core::fmt::Debug` is not\n                           //        implemented for the type `T`\n}\n\nfn main() {\n    // We now call the method with the i32 type,\n    // which *does* implement the Debug trait.\n    some_func(5i32);\n}\n```\n\nNote that the error here is in the definition of the generic function. Although\nwe only call it with a parameter that does implement `Debug`, the compiler\nstill rejects the function. It must work with all possible input types. In\norder to make this example compile, we need to restrict the generic type we're\naccepting:\n\n```\nuse std::fmt;\n\n// Restrict the input type to types that implement Debug.\nfn some_func<T: fmt::Debug>(foo: T) {\n    println!(\"{:?}\", foo);\n}\n\nfn main() {\n    // Calling the method is still fine, as i32 implements Debug.\n    some_func(5i32);\n\n    // This would fail to compile now:\n    // struct WithoutDebug;\n    // some_func(WithoutDebug);\n}\n```\n\nRust only looks at the signature of the called function, as such it must\nalready specify all requirements that will be used for every type parameter.\n"},"level":"error","spans":[{"file_name":"D:\\Xorium_Stealer_Pulsar\\Xorium Stealer Pulsar\\shadow-main\\crates\\common\\src\\structs.rs","byte_start":6063,"byte_end":6083,"line_start":221,"line_end":221,"column_start":5,"column_end":25,"is_primary":true,"text":[{"text":"    pub name: [u16; 256],","highlight_start":5,"highlight_end":25}],"label":"unsatisfied trait bound","suggested_replacement":null,"suggestion_applicability":null,"expansion":{"span":{"file_name":"D:\\Xorium_Stealer_Pulsar\\Xorium Stealer Pulsar\\shadow-main\\crates\\common\\src\\structs.rs","byte_start":5941,"byte_end":5948,"line_start":218,"line_end":218,"column_start":17,"column_end":24,"is_primary":false,"text":[{"text":"#[derive(Debug, Default, Clone, Copy)]","highlight_start":17,"highlight_end":24}],"label":null,"suggested_replacement":null,"suggestion_applicability":null,"expansion":null},"macro_decl_name":"#[derive(Default)]","def_site_span":{"file_name":"/rustc/db3e99bbab28c6ca778b13222becdea54533d908/library\\core\\src\\default.rs","byte_start":3652,"byte_end":3669,"line_start":146,"line_end":146,"column_start":1,"column_end":18,"is_primary":false,"text":[],"label":null,"suggested_replacement":null,"suggestion_applicability":null,"expansion":null}}}],"children":[{"message":"the trait `Default` is not implemented for `[u16; 256]`","code":null,"level":"help","spans":[],"children":[],"rendered":null},{"message":"the following other types implement trait `Default`:\n  &[T]\n  &mut [T]\n  [T; 0]\n  [T; 1]\n  [T; 2]\n  [T; 3]\n  [T; 4]\n  [T; 5]\nand 27 others","code":null,"level":"help","spans":[],"children":[],"rendered":null}],"rendered":"\u001b[1m\u001b[91merror[E0277]\u001b[0m\u001b[1m\u001b[97m: the trait bound `[u16; 256]: Default` is not satisfied\u001b[0m\n   \u001b[1m\u001b[96m--> \u001b[0mD:\\Xorium_Stealer_Pulsar\\Xorium Stealer Pulsar\\shadow-main\\crates\\common\\src\\structs.rs:221:5\n    \u001b[1m\u001b[96m|\u001b[0m\n\u001b[1m\u001b[96m218\u001b[0m \u001b[1m\u001b[96m|\u001b[0m #[derive(Debug, Default, Cl\u001b[1m\u001b[96m...\u001b[0m\n    \u001b[1m\u001b[96m|\u001b[0m                 \u001b[1m\u001b[96m-------\u001b[0m \u001b[1m\u001b[96min this derive macro expansion\u001b[0m\n\u001b[1m\u001b[96m...\u001b[0m\n\u001b[1m\u001b[96m221\u001b[0m \u001b[1m\u001b[96m|\u001b[0m     pub name: [u16; 256],\n    \u001b[1m\u001b[96m|\u001b[0m     \u001b[1m\u001b[91m^^^^^^^^^^^^^^^^^^^^\u001b[0m \u001b[1m\u001b[91munsatisfied trait bound\u001b[0m\n    \u001b[1m\u001b[96m|\u001b[0m\n    \u001b[1m\u001b[96m= \u001b[0m\u001b[1m\u001b[97mhelp\u001b[0m: the trait `Default` is not implemented for `[u16; 256]`\n    \u001b[1m\u001b[96m= \u001b[0m\u001b[1m\u001b[97mhelp\u001b[0m: the following other types implement trait `Default`:\n              &[T]\n              &mut [T]\n              [T; 0]\n              [T; 1]\n              [T; 2]\n              [T; 3]\n              [T; 4]\n              [T; 5]\n            and 27 others\n\n"}
{"$message_type":"diagnostic","message":"aborting due to 5 previous errors; 2 warnings emitted","code":null,"level":"error","spans":[],"children":[],"rendered":"\u001b[1m\u001b[91merror\u001b[0m\u001b[1m\u001b[97m: aborting due to 5 previous errors; 2 warnings emitted\u001b[0m\n\n"}
{"$message_type":"diagnostic","message":"Some errors have detailed explanations: E0204, E0277.","code":null,"level":"failure-note","spans":[],"children":[],"rendered":"\u001b[1m\u001b[97mSome errors have detailed explanations: E0204, E0277.\u001b[0m\n"}
{"$message_type":"diagnostic","message":"For more information about an error, try `rustc --explain E0204`.","code":null,"level":"failure-note","spans":[],"children":[],"rendered":"\u001b[1m\u001b[97mFor more information about an error, try `rustc --explain E0204`.\u001b[0m\n"}
